<?xml version="1.0" encoding="UTF-8"?>
<testsuite name="spittr.web.SpittleControllerTest" tests="4" skipped="0" failures="0" errors="0" timestamp="2019-07-29T03:23:56" hostname="Laptop" time="0.204">
  <properties/>
  <testcase name="saveSpittle" classname="spittr.web.SpittleControllerTest" time="0.05"/>
  <testcase name="shouldShowPagedSpittles" classname="spittr.web.SpittleControllerTest" time="0.095"/>
  <testcase name="shouldShowRecentSpittles" classname="spittr.web.SpittleControllerTest" time="0.027"/>
  <testcase name="testSpittle" classname="spittr.web.SpittleControllerTest" time="0.031"/>
  <system-out><![CDATA[]]></system-out>
  <system-err><![CDATA[Jul 29, 2019 11:23:56 AM org.springframework.test.web.servlet.setup.StandaloneMockMvcBuilder$StaticRequestMappingHandlerMapping registerHandlerMethod
INFO: Mapped "{[/spittles],methods=[POST],params=[],headers=[],consumes=[],produces=[],custom=[]}" onto public java.lang.String spittr.web.SpittleController.saveSpittle(spittr.web.SpittleForm,org.springframework.ui.Model) throws java.lang.Exception
Jul 29, 2019 11:23:56 AM org.springframework.test.web.servlet.setup.StandaloneMockMvcBuilder$StaticRequestMappingHandlerMapping registerHandlerMethod
INFO: Mapped "{[/spittles],methods=[GET],params=[],headers=[],consumes=[],produces=[],custom=[]}" onto public java.util.List<spittr.Spittle> spittr.web.SpittleController.spittles(long,int)
Jul 29, 2019 11:23:56 AM org.springframework.test.web.servlet.setup.StandaloneMockMvcBuilder$StaticRequestMappingHandlerMapping registerHandlerMethod
INFO: Mapped "{[/spittles/{spittleId}],methods=[GET],params=[],headers=[],consumes=[],produces=[],custom=[]}" onto public java.lang.String spittr.web.SpittleController.spittle(long,org.springframework.ui.Model)
Jul 29, 2019 11:23:56 AM org.springframework.mock.web.MockServletContext log
INFO: Initializing Spring FrameworkServlet ''
Jul 29, 2019 11:23:56 AM org.springframework.test.web.servlet.TestDispatcherServlet initServletBean
INFO: FrameworkServlet '': initialization started
Jul 29, 2019 11:23:56 AM org.springframework.test.web.servlet.TestDispatcherServlet initServletBean
INFO: FrameworkServlet '': initialization completed in 0 ms
Jul 29, 2019 11:23:56 AM org.springframework.test.web.servlet.setup.StandaloneMockMvcBuilder$StaticRequestMappingHandlerMapping registerHandlerMethod
INFO: Mapped "{[/spittles],methods=[POST],params=[],headers=[],consumes=[],produces=[],custom=[]}" onto public java.lang.String spittr.web.SpittleController.saveSpittle(spittr.web.SpittleForm,org.springframework.ui.Model) throws java.lang.Exception
Jul 29, 2019 11:23:56 AM org.springframework.test.web.servlet.setup.StandaloneMockMvcBuilder$StaticRequestMappingHandlerMapping registerHandlerMethod
INFO: Mapped "{[/spittles],methods=[GET],params=[],headers=[],consumes=[],produces=[],custom=[]}" onto public java.util.List<spittr.Spittle> spittr.web.SpittleController.spittles(long,int)
Jul 29, 2019 11:23:56 AM org.springframework.test.web.servlet.setup.StandaloneMockMvcBuilder$StaticRequestMappingHandlerMapping registerHandlerMethod
INFO: Mapped "{[/spittles/{spittleId}],methods=[GET],params=[],headers=[],consumes=[],produces=[],custom=[]}" onto public java.lang.String spittr.web.SpittleController.spittle(long,org.springframework.ui.Model)
Jul 29, 2019 11:23:56 AM org.springframework.mock.web.MockServletContext log
INFO: Initializing Spring FrameworkServlet ''
Jul 29, 2019 11:23:56 AM org.springframework.test.web.servlet.TestDispatcherServlet initServletBean
INFO: FrameworkServlet '': initialization started
Jul 29, 2019 11:23:56 AM org.springframework.test.web.servlet.TestDispatcherServlet initServletBean
INFO: FrameworkServlet '': initialization completed in 0 ms
Jul 29, 2019 11:23:56 AM org.springframework.test.web.servlet.setup.StandaloneMockMvcBuilder$StaticRequestMappingHandlerMapping registerHandlerMethod
INFO: Mapped "{[/spittles],methods=[POST],params=[],headers=[],consumes=[],produces=[],custom=[]}" onto public java.lang.String spittr.web.SpittleController.saveSpittle(spittr.web.SpittleForm,org.springframework.ui.Model) throws java.lang.Exception
Jul 29, 2019 11:23:56 AM org.springframework.test.web.servlet.setup.StandaloneMockMvcBuilder$StaticRequestMappingHandlerMapping registerHandlerMethod
INFO: Mapped "{[/spittles],methods=[GET],params=[],headers=[],consumes=[],produces=[],custom=[]}" onto public java.util.List<spittr.Spittle> spittr.web.SpittleController.spittles(long,int)
Jul 29, 2019 11:23:56 AM org.springframework.test.web.servlet.setup.StandaloneMockMvcBuilder$StaticRequestMappingHandlerMapping registerHandlerMethod
INFO: Mapped "{[/spittles/{spittleId}],methods=[GET],params=[],headers=[],consumes=[],produces=[],custom=[]}" onto public java.lang.String spittr.web.SpittleController.spittle(long,org.springframework.ui.Model)
Jul 29, 2019 11:23:56 AM org.springframework.mock.web.MockServletContext log
INFO: Initializing Spring FrameworkServlet ''
Jul 29, 2019 11:23:56 AM org.springframework.test.web.servlet.TestDispatcherServlet initServletBean
INFO: FrameworkServlet '': initialization started
Jul 29, 2019 11:23:56 AM org.springframework.test.web.servlet.TestDispatcherServlet initServletBean
INFO: FrameworkServlet '': initialization completed in 0 ms
Jul 29, 2019 11:23:56 AM org.springframework.test.web.servlet.setup.StandaloneMockMvcBuilder$StaticRequestMappingHandlerMapping registerHandlerMethod
INFO: Mapped "{[/spittles],methods=[POST],params=[],headers=[],consumes=[],produces=[],custom=[]}" onto public java.lang.String spittr.web.SpittleController.saveSpittle(spittr.web.SpittleForm,org.springframework.ui.Model) throws java.lang.Exception
Jul 29, 2019 11:23:56 AM org.springframework.test.web.servlet.setup.StandaloneMockMvcBuilder$StaticRequestMappingHandlerMapping registerHandlerMethod
INFO: Mapped "{[/spittles],methods=[GET],params=[],headers=[],consumes=[],produces=[],custom=[]}" onto public java.util.List<spittr.Spittle> spittr.web.SpittleController.spittles(long,int)
Jul 29, 2019 11:23:56 AM org.springframework.test.web.servlet.setup.StandaloneMockMvcBuilder$StaticRequestMappingHandlerMapping registerHandlerMethod
INFO: Mapped "{[/spittles/{spittleId}],methods=[GET],params=[],headers=[],consumes=[],produces=[],custom=[]}" onto public java.lang.String spittr.web.SpittleController.spittle(long,org.springframework.ui.Model)
Jul 29, 2019 11:23:56 AM org.springframework.mock.web.MockServletContext log
INFO: Initializing Spring FrameworkServlet ''
Jul 29, 2019 11:23:56 AM org.springframework.test.web.servlet.TestDispatcherServlet initServletBean
INFO: FrameworkServlet '': initialization started
Jul 29, 2019 11:23:56 AM org.springframework.test.web.servlet.TestDispatcherServlet initServletBean
INFO: FrameworkServlet '': initialization completed in 0 ms
]]></system-err>
</testsuite>
