<?xml version="1.0" encoding="UTF-8"?>
<testsuite name="spittr.web.HomeControllerTest" tests="1" skipped="0" failures="0" errors="0" timestamp="2019-07-29T03:23:56" hostname="Laptop" time="0.018">
  <properties/>
  <testcase name="testHomePage" classname="spittr.web.HomeControllerTest" time="0.018"/>
  <system-out><![CDATA[]]></system-out>
  <system-err><![CDATA[Jul 29, 2019 11:23:56 AM org.springframework.test.web.servlet.setup.StandaloneMockMvcBuilder$StaticRequestMappingHandlerMapping registerHandlerMethod
INFO: Mapped "{[/],methods=[GET],params=[],headers=[],consumes=[],produces=[],custom=[]}" onto public java.lang.String spittr.web.HomeController.home(org.springframework.ui.Model)
Jul 29, 2019 11:23:56 AM org.springframework.mock.web.MockServletContext log
INFO: Initializing Spring FrameworkServlet ''
Jul 29, 2019 11:23:56 AM org.springframework.test.web.servlet.TestDispatcherServlet initServletBean
INFO: FrameworkServlet '': initialization started
Jul 29, 2019 11:23:56 AM org.springframework.test.web.servlet.TestDispatcherServlet initServletBean
INFO: FrameworkServlet '': initialization completed in 0 ms
]]></system-err>
</testsuite>
